no jit :(
package.path	
  apitest.app/?.lua
  apitest.app/?/init.lua
  .\?.lua
  d:\projects\cel-reactor\lua\?.lua
  d:\projects\cel-reactor\lua\?\init.lua
  d:\projects\cel-reactor\?.lua
  d:\projects\cel-reactor\?\init.lua
package.cpath	
  apitest.app/?_L.dll
  apitest.app/?.dll
  .\?.dll
  d:\projects\cel-reactor\?.dll
  d:\projects\cel-reactor\loadall.dll	

ERROR loading font	d:\projects\cel-reactor\lua\reactor\init.lua:409: Failed to load font from file arial:bold
onmousedown	left	101	39
onmousedown	left	101	38
onmousedown	left	128	356
onmousedown	left	128	356
nil	 TIME = 	1.128
