D:\PROJECTS\CEL-REACTOR\REACTOR\LIB\LUASOCKET-2.0.2\SRC\AUXILIAR.OBJ
D:\PROJECTS\CEL-REACTOR\REACTOR\LIB\LUASOCKET-2.0.2\SRC\BUFFER.OBJ
D:\projects\cel-reactor\reactor\lib\luasocket-2.0.2\src\cl.command.1.tlog
D:\projects\cel-reactor\reactor\lib\luasocket-2.0.2\src\CL.read.1.tlog
D:\projects\cel-reactor\reactor\lib\luasocket-2.0.2\src\CL.write.1.tlog
D:\PROJECTS\CEL-REACTOR\REACTOR\LIB\LUASOCKET-2.0.2\SRC\EXCEPT.OBJ
D:\PROJECTS\CEL-REACTOR\REACTOR\LIB\LUASOCKET-2.0.2\SRC\INET.OBJ
D:\PROJECTS\CEL-REACTOR\REACTOR\LIB\LUASOCKET-2.0.2\SRC\IO.OBJ
D:\projects\cel-reactor\reactor\lib\luasocket-2.0.2\src\link.command.1.tlog
D:\projects\cel-reactor\reactor\lib\luasocket-2.0.2\src\link.read.1.tlog
D:\projects\cel-reactor\reactor\lib\luasocket-2.0.2\src\link.write.1.tlog
D:\PROJECTS\CEL-REACTOR\REACTOR\LIB\LUASOCKET-2.0.2\SRC\LUASOCKET.OBJ
D:\PROJECTS\CEL-REACTOR\REACTOR\LIB\LUASOCKET-2.0.2\SRC\MIME.DLL
D:\PROJECTS\CEL-REACTOR\REACTOR\LIB\LUASOCKET-2.0.2\SRC\MIME.DLL.INTERMEDIATE.MANIFEST
D:\projects\cel-reactor\reactor\lib\luasocket-2.0.2\src\mime.exp
D:\projects\cel-reactor\reactor\lib\luasocket-2.0.2\src\mime.lib
D:\PROJECTS\CEL-REACTOR\REACTOR\LIB\LUASOCKET-2.0.2\SRC\MIME.OBJ
D:\PROJECTS\CEL-REACTOR\REACTOR\LIB\LUASOCKET-2.0.2\SRC\MIME.PDB
D:\projects\cel-reactor\reactor\lib\luasocket-2.0.2\src\mime.write.1.tlog
D:\projects\cel-reactor\reactor\lib\luasocket-2.0.2\src\mt.command.1.tlog
D:\projects\cel-reactor\reactor\lib\luasocket-2.0.2\src\mt.read.1.tlog
D:\projects\cel-reactor\reactor\lib\luasocket-2.0.2\src\mt.write.1.tlog
D:\PROJECTS\CEL-REACTOR\REACTOR\LIB\LUASOCKET-2.0.2\SRC\OPTIONS.OBJ
D:\PROJECTS\CEL-REACTOR\REACTOR\LIB\LUASOCKET-2.0.2\SRC\SELECT.OBJ
D:\PROJECTS\CEL-REACTOR\REACTOR\LIB\LUASOCKET-2.0.2\SRC\SOCKET.DLL
D:\PROJECTS\CEL-REACTOR\REACTOR\LIB\LUASOCKET-2.0.2\SRC\SOCKET.DLL.INTERMEDIATE.MANIFEST
D:\projects\cel-reactor\reactor\lib\luasocket-2.0.2\src\socket.exp
D:\projects\cel-reactor\reactor\lib\luasocket-2.0.2\src\socket.lib
D:\PROJECTS\CEL-REACTOR\REACTOR\LIB\LUASOCKET-2.0.2\SRC\SOCKET.PDB
D:\projects\cel-reactor\reactor\lib\luasocket-2.0.2\src\socket.write.1.tlog
D:\PROJECTS\CEL-REACTOR\REACTOR\LIB\LUASOCKET-2.0.2\SRC\TCP.OBJ
D:\PROJECTS\CEL-REACTOR\REACTOR\LIB\LUASOCKET-2.0.2\SRC\TIMEOUT.OBJ
D:\PROJECTS\CEL-REACTOR\REACTOR\LIB\LUASOCKET-2.0.2\SRC\UDP.OBJ
D:\PROJECTS\CEL-REACTOR\REACTOR\LIB\LUASOCKET-2.0.2\SRC\WSOCKET.OBJ
src\mime.pdb
